;  LST file generated by mikroListExporter - v.2.0 
; Date/Time: 17/03/2018 22:23:47
;----------------------------------------------

;Address Opcode 	ASM
0x0000	0x285D      	GOTO       93
_____DoICP:
;__Lib_System.c,6 :: 		
;__Lib_System.c,9 :: 		
0x0003	0x1283      	BCF        STATUS, 5
0x0004	0x1303      	BCF        STATUS, 6
0x0005	0x0821      	MOVF       ___DoICPAddr+1, 0
0x0006	0x008A      	MOVWF      PCLATH
;__Lib_System.c,10 :: 		
0x0007	0x0820      	MOVF       ___DoICPAddr, 0
0x0008	0x0082      	MOVWF      PCL
;__Lib_System.c,12 :: 		
L_end_____DoICP:
0x0009	0x0008      	RETURN
; end of _____DoICP
_servo1_horario:
;Projeto.c,29 :: 		void servo1_horario(){
;Projeto.c,30 :: 		servo1 = 0x00;
0x000A	0x1283      	BCF        STATUS, 5
0x000B	0x1303      	BCF        STATUS, 6
0x000C	0x1006      	BCF        RB0_bit, BitPos(RB0_bit+0)
;Projeto.c,31 :: 		delay_us(17700);
0x000D	0x302E      	MOVLW      46
0x000E	0x00FC      	MOVWF      R12
0x000F	0x30F8      	MOVLW      248
0x0010	0x00FD      	MOVWF      R13
L_servo1_horario10:
0x0011	0x0BFD      	DECFSZ     R13, 1
0x0012	0x2811      	GOTO       L_servo1_horario10
0x0013	0x0BFC      	DECFSZ     R12, 1
0x0014	0x2811      	GOTO       L_servo1_horario10
0x0015	0x0000      	NOP
;Projeto.c,32 :: 		servo1 = 0x01;
0x0016	0x1406      	BSF        RB0_bit, BitPos(RB0_bit+0)
;Projeto.c,33 :: 		delay_us(2300); //pulso de 2ms
0x0017	0x3006      	MOVLW      6
0x0018	0x00FC      	MOVWF      R12
0x0019	0x30F8      	MOVLW      248
0x001A	0x00FD      	MOVWF      R13
L_servo1_horario11:
0x001B	0x0BFD      	DECFSZ     R13, 1
0x001C	0x281B      	GOTO       L_servo1_horario11
0x001D	0x0BFC      	DECFSZ     R12, 1
0x001E	0x281B      	GOTO       L_servo1_horario11
0x001F	0x0000      	NOP
;Projeto.c,34 :: 		}
L_end_servo1_horario:
0x0020	0x0008      	RETURN
; end of _servo1_horario
_servo1_antihorario:
;Projeto.c,41 :: 		void servo1_antihorario(){
;Projeto.c,42 :: 		servo1 = 0x00;
0x0021	0x1283      	BCF        STATUS, 5
0x0022	0x1303      	BCF        STATUS, 6
0x0023	0x1006      	BCF        RB0_bit, BitPos(RB0_bit+0)
;Projeto.c,43 :: 		delay_us(19200);
0x0024	0x3032      	MOVLW      50
0x0025	0x00FC      	MOVWF      R12
0x0026	0x30DD      	MOVLW      221
0x0027	0x00FD      	MOVWF      R13
L_servo1_antihorario14:
0x0028	0x0BFD      	DECFSZ     R13, 1
0x0029	0x2828      	GOTO       L_servo1_antihorario14
0x002A	0x0BFC      	DECFSZ     R12, 1
0x002B	0x2828      	GOTO       L_servo1_antihorario14
0x002C	0x0000      	NOP
0x002D	0x0000      	NOP
;Projeto.c,44 :: 		servo1 = 0x01;
0x002E	0x1406      	BSF        RB0_bit, BitPos(RB0_bit+0)
;Projeto.c,45 :: 		delay_us(800); //pulso de 1ms
0x002F	0x3003      	MOVLW      3
0x0030	0x00FC      	MOVWF      R12
0x0031	0x3012      	MOVLW      18
0x0032	0x00FD      	MOVWF      R13
L_servo1_antihorario15:
0x0033	0x0BFD      	DECFSZ     R13, 1
0x0034	0x2833      	GOTO       L_servo1_antihorario15
0x0035	0x0BFC      	DECFSZ     R12, 1
0x0036	0x2833      	GOTO       L_servo1_antihorario15
0x0037	0x0000      	NOP
;Projeto.c,46 :: 		}
L_end_servo1_antihorario:
0x0038	0x0008      	RETURN
; end of _servo1_antihorario
_servo1_centro:
;Projeto.c,35 :: 		void servo1_centro(){
;Projeto.c,36 :: 		servo1 = 0x00;
0x0039	0x1283      	BCF        STATUS, 5
0x003A	0x1303      	BCF        STATUS, 6
0x003B	0x1006      	BCF        RB0_bit, BitPos(RB0_bit+0)
;Projeto.c,37 :: 		delay_us(18500);
0x003C	0x3031      	MOVLW      49
0x003D	0x00FC      	MOVWF      R12
0x003E	0x300B      	MOVLW      11
0x003F	0x00FD      	MOVWF      R13
L_servo1_centro12:
0x0040	0x0BFD      	DECFSZ     R13, 1
0x0041	0x2840      	GOTO       L_servo1_centro12
0x0042	0x0BFC      	DECFSZ     R12, 1
0x0043	0x2840      	GOTO       L_servo1_centro12
0x0044	0x0000      	NOP
0x0045	0x0000      	NOP
;Projeto.c,38 :: 		servo1 = 0x01;
0x0046	0x1406      	BSF        RB0_bit, BitPos(RB0_bit+0)
;Projeto.c,39 :: 		delay_us(1500); //pulso de 1,5ms
0x0047	0x3004      	MOVLW      4
0x0048	0x00FC      	MOVWF      R12
0x0049	0x30E4      	MOVLW      228
0x004A	0x00FD      	MOVWF      R13
L_servo1_centro13:
0x004B	0x0BFD      	DECFSZ     R13, 1
0x004C	0x284B      	GOTO       L_servo1_centro13
0x004D	0x0BFC      	DECFSZ     R12, 1
0x004E	0x284B      	GOTO       L_servo1_centro13
0x004F	0x0000      	NOP
;Projeto.c,40 :: 		}
L_end_servo1_centro:
0x0050	0x0008      	RETURN
; end of _servo1_centro
___CC2DW:
;__Lib_System.c,134 :: 		
;__Lib_System.c,137 :: 		
_CC2D_Loop1:
;__Lib_System.c,139 :: 		
0x0051	0x2003      	CALL       _____DoICP
0x0052	0x118A      	BCF        PCLATH, 3
0x0053	0x120A      	BCF        PCLATH, 4
;__Lib_System.c,141 :: 		
0x0054	0x0080      	MOVWF      INDF
;__Lib_System.c,142 :: 		
0x0055	0x0A84      	INCF       FSR, 1
;__Lib_System.c,143 :: 		
0x0056	0x0AA0      	INCF       ___DoICPAddr, 1
;__Lib_System.c,145 :: 		
0x0057	0x1903      	BTFSC      STATUS, 2
;__Lib_System.c,146 :: 		
0x0058	0x0AA1      	INCF       ___DoICPAddr+1, 1
;__Lib_System.c,147 :: 		
0x0059	0x03F0      	DECF       R0, 1
;__Lib_System.c,149 :: 		
0x005A	0x1D03      	BTFSS      STATUS, 2
;__Lib_System.c,150 :: 		
0x005B	0x2851      	GOTO       _CC2D_Loop1
;__Lib_System.c,152 :: 		
L_end___CC2DW:
0x005C	0x0008      	RETURN
; end of ___CC2DW
_main:
;Projeto.c,12 :: 		void main(){
;Projeto.c,14 :: 		CMCON = 0x07; //desliga comparadores do PIC
0x005D	0x3007      	MOVLW      7
0x005E	0x1283      	BCF        STATUS, 5
0x005F	0x1303      	BCF        STATUS, 6
0x0060	0x009F      	MOVWF      CMCON
;Projeto.c,15 :: 		TRISA = 0x03; //RA0 e RA1 como entrada digital
0x0061	0x3003      	MOVLW      3
0x0062	0x1683      	BSF        STATUS, 5
0x0063	0x0085      	MOVWF      TRISA
;Projeto.c,16 :: 		TRISB = 0x00; //PORTB como saída digital
0x0064	0x0186      	CLRF       TRISB
;Projeto.c,17 :: 		PORTA = 0x03; //RA0 e RA1 iniciam em high
0x0065	0x3003      	MOVLW      3
0x0066	0x1283      	BCF        STATUS, 5
0x0067	0x0085      	MOVWF      PORTA
;Projeto.c,18 :: 		PORTB = 0x00; //PORTB inicia todo em low
0x0068	0x0186      	CLRF       PORTB
;Projeto.c,20 :: 		while(1){
L_main0:
;Projeto.c,22 :: 		if(S1 == 0x00 && S2 == 0x01) servo1_horario();
0x0069	0x1885      	BTFSC      RA1_bit, BitPos(RA1_bit+0)
0x006A	0x286F      	GOTO       L_main4
0x006B	0x1C05      	BTFSS      RA0_bit, BitPos(RA0_bit+0)
0x006C	0x286F      	GOTO       L_main4
L__main17:
0x006D	0x200A      	CALL       _servo1_horario
0x006E	0x2876      	GOTO       L_main5
L_main4:
;Projeto.c,24 :: 		else if(S2 == 0x00 && S1 == 0x01) servo1_antihorario();
0x006F	0x1805      	BTFSC      RA0_bit, BitPos(RA0_bit+0)
0x0070	0x2875      	GOTO       L_main8
0x0071	0x1C85      	BTFSS      RA1_bit, BitPos(RA1_bit+0)
0x0072	0x2875      	GOTO       L_main8
L__main16:
0x0073	0x2021      	CALL       _servo1_antihorario
0x0074	0x2876      	GOTO       L_main9
L_main8:
;Projeto.c,26 :: 		else servo1_centro();
0x0075	0x2039      	CALL       _servo1_centro
L_main9:
L_main5:
;Projeto.c,27 :: 		}
0x0076	0x2869      	GOTO       L_main0
;Projeto.c,28 :: 		}
L_end_main:
0x0077	0x2877      	GOTO       $+0
; end of _main
Symbol List:
//** Routines locations **
//ADDRESS    SIZE    PROCEDURE
//----------------------------------------------
0x0003       [7]    _____DoICP
0x000A      [23]    _servo1_horario
0x0021      [24]    _servo1_antihorario
0x0039      [24]    _servo1_centro
0x0051      [12]    ___CC2DW
0x005D      [27]    _main
//** Variables locations ** 
//ADDRESS    SIZE    VARIABLE
//----------------------------------------------
0x0000       [1]    INDF
0x0002       [1]    PCL
0x0003       [1]    STATUS
0x0004       [1]    FSR
0x0005       [0]    RA0_bit
0x0005       [0]    RA1_bit
0x0005       [1]    PORTA
0x0006       [0]    RB0_bit
0x0006       [1]    PORTB
0x000A       [1]    PCLATH
0x001F       [1]    CMCON
0x0020       [2]    ___DoICPAddr
0x0070       [1]    R0
0x0071       [1]    R1
0x0072       [1]    R2
0x0073       [1]    R3
0x0074       [1]    R4
0x0075       [1]    R5
0x0076       [1]    R6
0x0077       [1]    R7
0x0078       [1]    R8
0x0079       [1]    R9
0x007A       [1]    R10
0x007B       [1]    R11
0x007C       [1]    R12
0x007D       [1]    R13
0x007E       [1]    R14
0x007F       [1]    R15
0x0085       [1]    TRISA
0x0086       [1]    TRISB
