;  LST file generated by mikroListExporter - v.2.0 
; Date/Time: 10/03/2018 14:32:26
;----------------------------------------------

;Address Opcode 	ASM
0x0000	0x2815      	GOTO       21
_____DoICP:
;__Lib_System.c,6 :: 		
;__Lib_System.c,9 :: 		
0x0003	0x1283      	BCF        STATUS, 5
0x0004	0x0821      	MOVF       ___DoICPAddr+1, 0
0x0005	0x008A      	MOVWF      PCLATH
;__Lib_System.c,10 :: 		
0x0006	0x0820      	MOVF       ___DoICPAddr, 0
0x0007	0x0082      	MOVWF      PCL
;__Lib_System.c,12 :: 		
L_end_____DoICP:
0x0008	0x0008      	RETURN
; end of _____DoICP
___CC2DW:
;__Lib_System.c,134 :: 		
;__Lib_System.c,137 :: 		
_CC2D_Loop1:
;__Lib_System.c,139 :: 		
0x0009	0x2003      	CALL       _____DoICP
0x000A	0x118A      	BCF        PCLATH, 3
0x000B	0x120A      	BCF        PCLATH, 4
;__Lib_System.c,141 :: 		
0x000C	0x0080      	MOVWF      INDF
;__Lib_System.c,142 :: 		
0x000D	0x0A84      	INCF       FSR, 1
;__Lib_System.c,143 :: 		
0x000E	0x0AA0      	INCF       ___DoICPAddr, 1
;__Lib_System.c,145 :: 		
0x000F	0x1903      	BTFSC      STATUS, 2
;__Lib_System.c,146 :: 		
0x0010	0x0AA1      	INCF       ___DoICPAddr+1, 1
;__Lib_System.c,147 :: 		
0x0011	0x03D0      	DECF       R0, 1
;__Lib_System.c,149 :: 		
0x0012	0x1D03      	BTFSS      STATUS, 2
;__Lib_System.c,150 :: 		
0x0013	0x2809      	GOTO       _CC2D_Loop1
;__Lib_System.c,152 :: 		
L_end___CC2DW:
0x0014	0x0008      	RETURN
; end of ___CC2DW
_main:
;MyProject.c,1 :: 		void main(){
;MyProject.c,3 :: 		ANSEL = 0;        //desliga as entradas AD
0x0015	0x1683      	BSF        STATUS, 5
0x0016	0x019F      	CLRF       ANSEL
;MyProject.c,4 :: 		CMCON = 7;        //desliga os comparadores
0x0017	0x3007      	MOVLW      7
0x0018	0x1283      	BCF        STATUS, 5
0x0019	0x0099      	MOVWF      CMCON
;MyProject.c,5 :: 		TRISIO4_bit = 1;
0x001A	0x1683      	BSF        STATUS, 5
0x001B	0x1605      	BSF        TRISIO4_bit, BitPos(TRISIO4_bit+0)
;MyProject.c,6 :: 		TRISIO5_bit = 0;
0x001C	0x1285      	BCF        TRISIO5_bit, BitPos(TRISIO5_bit+0)
;MyProject.c,8 :: 		GPIO = 0;
0x001D	0x1283      	BCF        STATUS, 5
0x001E	0x0185      	CLRF       GPIO
;MyProject.c,10 :: 		while(1){
L_main0:
;MyProject.c,11 :: 		if(GPIO.F4 == 1){
0x001F	0x1E05      	BTFSS      GPIO, 4
0x0020	0x2831      	GOTO       L_main2
;MyProject.c,12 :: 		GPIO.F5 = 1;
0x0021	0x1685      	BSF        GPIO, 5
;MyProject.c,13 :: 		delay_ms(2000);
0x0022	0x300B      	MOVLW      11
0x0023	0x00DB      	MOVWF      R11
0x0024	0x3026      	MOVLW      38
0x0025	0x00DC      	MOVWF      R12
0x0026	0x305D      	MOVLW      93
0x0027	0x00DD      	MOVWF      R13
L_main3:
0x0028	0x0BDD      	DECFSZ     R13, 1
0x0029	0x2828      	GOTO       L_main3
0x002A	0x0BDC      	DECFSZ     R12, 1
0x002B	0x2828      	GOTO       L_main3
0x002C	0x0BDB      	DECFSZ     R11, 1
0x002D	0x2828      	GOTO       L_main3
0x002E	0x0000      	NOP
0x002F	0x0000      	NOP
;MyProject.c,14 :: 		}else{
0x0030	0x2832      	GOTO       L_main4
L_main2:
;MyProject.c,15 :: 		GPIO.F5 = 0;
0x0031	0x1285      	BCF        GPIO, 5
;MyProject.c,16 :: 		}
L_main4:
;MyProject.c,17 :: 		}
0x0032	0x281F      	GOTO       L_main0
;MyProject.c,18 :: 		}
L_end_main:
0x0033	0x2833      	GOTO       $+0
; end of _main
Symbol List:
//** Routines locations **
//ADDRESS    SIZE    PROCEDURE
//----------------------------------------------
0x0003       [6]    _____DoICP
0x0009      [12]    ___CC2DW
0x0015      [31]    _main
//** Variables locations ** 
//ADDRESS    SIZE    VARIABLE
//----------------------------------------------
0x0000       [1]    INDF
0x0002       [1]    PCL
0x0003       [1]    STATUS
0x0004       [1]    FSR
0x0005       [1]    GPIO
0x000A       [1]    PCLATH
0x0019       [1]    CMCON
0x0020       [2]    ___DoICPAddr
0x0050       [1]    R0
0x0051       [1]    R1
0x0052       [1]    R2
0x0053       [1]    R3
0x0054       [1]    R4
0x0055       [1]    R5
0x0056       [1]    R6
0x0057       [1]    R7
0x0058       [1]    R8
0x0059       [1]    R9
0x005A       [1]    R10
0x005B       [1]    R11
0x005C       [1]    R12
0x005D       [1]    R13
0x005E       [1]    R14
0x005F       [1]    R15
0x0085       [0]    TRISIO5_bit
0x0085       [0]    TRISIO4_bit
0x009F       [1]    ANSEL
